2026-07-04T05:41:57.385352 | Break 1: track_id=LMIMTWY004010, brand=Motorway.co.uk, duration=10
2026-07-04T05:41:57.391702 | Break 1: track_id=MUMKNLU330030, brand=Kfc lunch meal deal, duration=30
2026-07-04T05:41:57.399145 | Break 1: track_id=BLBFURN204010, brand=Furniture village, duration=None
2026-07-04T05:48:52.010985 | Break 2: track_id=UMWGETY006010, brand=Getyourguide.com, duration=10
2026-07-04T05:48:52.026625 | Break 2: track_id=HOGTOLX095030, brand=Toyota lexus rz, duration=30
2026-07-04T05:48:52.034697 | Break 2: track_id=WCRSKBR052020, brand=Sky mobile, duration=20
2026-07-04T05:48:52.041820 | Break 2: track_id=ITCPPLB012030, brand=Postcode lottery, duration=30
2026-07-04T05:48:52.053142 | Break 2: track_id=ICPEONN510020, brand=E on next, duration=20
2026-07-04T05:48:52.056965 | Break 2: track_id=PCHPPGP002010, brand=Consorzio grana padano cheese, duration=10
2026-07-04T05:48:52.061368 | Break 2: track_id=NCAALZH038060, brand=Alzheimers society, duration=None
2026-07-04T05:58:38.909546 | Break 3: track_id=OHLHOME001030, brand=Homebase stores, duration=30
2026-07-04T05:58:38.922469 | Break 3: track_id=TTFHOTE005030, brand=Hotel chocolate tasting club, duration=30
2026-07-04T05:58:38.930657 | Break 3: track_id=BLBFURN203010, brand=Furniture village, duration=10
2026-07-04T05:58:38.934278 | Break 3: track_id=HKXDFEN017020, brand=Edf energy, duration=20
2026-07-04T05:58:38.940642 | Break 3: track_id=TGSNNQQ835030, brand=Nissan qashqai, duration=30
2026-07-04T05:58:38.947944 | Break 3: track_id=ANOCRUK414030, brand=Cancer research race for life, duration=30
2026-07-04T05:58:38.951439 | Break 3: track_id=PIPSPKE031020, brand=Spokelondon.com mens clothing, duration=20
2026-07-04T05:58:38.959776 | Break 3: track_id=BURTMOR078020, brand=Morrisons supermarket, duration=None
2026-07-04T06:09:27.017166 | Break 4: track_id=ANOANGP105020, brand=Google pixel 8 phone, duration=20
2026-07-04T06:09:27.035047 | Break 4: track_id=HOGTOBZ073030, brand=Toyota bz4x, duration=30
2026-07-04T06:09:27.042024 | Break 4: track_id=BBHTCPT534020, brand=Tesco easter, duration=20
2026-07-04T06:09:27.049280 | Break 4: track_id=PMCKAPW002020, brand=Karcher pressure washer, duration=20
2026-07-04T06:09:27.054913 | Break 4: track_id=MCBYEOV093030, brand=Yeo valley organic, duration=30
2026-07-04T06:09:27.062681 | Break 4: track_id=UCSBABR002030, brand=British airways, duration=30
2026-07-04T06:09:27.066111 | Break 4: track_id=GOOSRGK002030, brand=Sue ryder bereavement support, duration=None
