2026-07-09T06:48:44.276107 | 2024-03-26_ITV1HD_09:00:00.mp4 | Break 1: track_id=LBEDISN002020, brand=Disneyland paris, duration=20
2026-07-09T07:30:48.068384 | 2024-03-26_ITV1HD_14:00:00.mp4 | Break 1: track_id=AORAODL251030, brand=Appliancesonline.co.uk, duration=30
2026-07-09T07:30:48.087761 | 2024-03-26_ITV1HD_14:00:00.mp4 | Break 1: track_id=LBEDISN002020, brand=Disneyland paris, duration=20
2026-07-09T07:45:52.864437 | 2024-03-26_ITV1HD_14:00:00.mp4 | Break 2: track_id=DVNPLMF020030, brand=Poundland stores, duration=30
2026-07-09T07:45:52.884610 | 2024-03-26_ITV1HD_14:00:00.mp4 | Break 2: track_id=PCHPPGP001010, brand=Consorzio grana padano cheese, duration=10
2026-07-09T07:45:52.892415 | 2024-03-26_ITV1HD_14:00:00.mp4 | Break 2: track_id=CKCBRIT016020, brand=Bisto gravy, duration=20
2026-07-09T08:01:35.574846 | 2024-03-26_ITV1HD_14:00:00.mp4 | Break 3: track_id=UCSIGAV003030, brand=Avios, duration=30
2026-07-09T09:00:50.104508 | 2024-03-26_ITV1HD_15:00:00.mp4 | Break 3: track_id=MCEJEAT398020, brand=Justeat.co.uk, duration=20
2026-07-09T09:00:50.118849 | 2024-03-26_ITV1HD_15:00:00.mp4 | Break 3: track_id=UCSBQBR010020, brand=B&q value, duration=20
2026-07-09T09:16:15.705907 | 2024-03-26_ITV1HD_15:00:00.mp4 | Break 4: track_id=LBEDISN004020, brand=Disneyland paris, duration=20
2026-07-09T09:16:15.729003 | 2024-03-26_ITV1HD_15:00:00.mp4 | Break 4: track_id=VCCCOMP758030, brand=Comparethemarket.com, duration=30
2026-07-09T09:32:50.636065 | 2024-03-26_ITV1HD_16:00:00.mp4 | Break 1: track_id=TTBDGCH001030, brand=Chocomel milk drink, duration=30
2026-07-09T10:00:31.312130 | 2024-03-26_ITV1HD_16:00:00.mp4 | Break 3: track_id=VCCCOMP759030, brand=Comparethemarket.com, duration=30
2026-07-09T10:00:31.331915 | 2024-03-26_ITV1HD_16:00:00.mp4 | Break 3: track_id=MUMKNVA321010, brand=Kfc original recipe deal, duration=10
2026-07-09T10:57:49.522500 | 2024-03-26_ITV1HD_17:00:00.mp4 | Break 3: track_id=ICPEONN510020, brand=E on next, duration=20
2026-07-09T11:29:07.457039 | 2024-03-26_ITV1HD_18:00:00.mp4 | Break 1: track_id=MLLDHSC301030, brand=Ccs cardiovascular disease, duration=30
2026-07-09T11:41:57.532634 | 2024-03-26_ITV1HD_18:30:00.mp4 | Break 1: track_id=INFNHEN003030, brand=Ccs highways breakdown, duration=30
2026-07-09T12:00:18.239092 | 2024-03-26_ITV1HD_18:30:00.mp4 | Break 2: track_id=MUMKNVA321010, brand=Kfc original recipe deal, duration=10
2026-07-09T12:12:28.806474 | 2024-03-26_ITV1HD_18:30:00.mp4 | Break 3: track_id=MCEJEAT400020, brand=Justeat.co.uk, duration=20
2026-07-09T12:28:44.694104 | 2024-03-26_ITV1HD_19:30:00.mp4 | Break 1: track_id=TGFMGFN435030, brand=Mg motors, duration=30
2026-07-09T12:28:44.704717 | 2024-03-26_ITV1HD_19:30:00.mp4 | Break 1: track_id=KROSCSS115030, brand=Scs furniture & carpets, duration=30
2026-07-09T12:47:25.159561 | 2024-03-26_ITV1HD_19:30:00.mp4 | Break 2: track_id=LBEDISN004020, brand=Disneyland paris, duration=20
2026-07-09T13:03:17.514806 | 2024-03-26_ITV1HD_20:00:00.mp4 | Break 1: track_id=BEMMSEA214030, brand=Marks & spencer easter, duration=30
2026-07-09T13:33:54.094421 | 2024-03-26_ITV1HD_20:00:00.mp4 | Break 3: track_id=UCSIGAV003030, brand=Avios, duration=30
2026-07-09T14:29:03.005165 | 2024-03-26_ITV1HD_22:45:00.mp4 | Break 1: track_id=LBEDISN002020, brand=Disneyland paris, duration=20
2026-07-09T14:29:03.019203 | 2024-03-26_ITV1HD_22:45:00.mp4 | Break 1: track_id=VCCCOMP758030, brand=Comparethemarket.com, duration=30
