2026-07-05T22:44:55.668287 | Break 1: track_id=LMIMTWY004010, brand=Motorway.co.uk, duration=10
2026-07-05T22:44:55.672373 | Break 1: track_id=MUMKNLU330030, brand=Kfc lunch meal deal, duration=30
2026-07-05T22:44:55.676232 | Break 1: track_id=BLBFURN204010, brand=Furniture village, duration=None
2026-07-05T22:52:19.987495 | Break 2: track_id=UMWGETY006010, brand=Getyourguide.com, duration=10
2026-07-05T22:52:20.007682 | Break 2: track_id=HOGTOLX095030, brand=Toyota lexus rz, duration=30
2026-07-05T22:52:20.013081 | Break 2: track_id=WCRSKBR052020, brand=Sky mobile, duration=20
2026-07-05T22:52:20.016201 | Break 2: track_id=ITCPPLB012030, brand=Postcode lottery, duration=30
2026-07-05T22:52:20.019960 | Break 2: track_id=ICPEONN510020, brand=E on next, duration=20
2026-07-05T22:52:20.023492 | Break 2: track_id=PCHPPGP002010, brand=Consorzio grana padano cheese, duration=10
2026-07-05T22:52:20.026590 | Break 2: track_id=NCAALZH038060, brand=Alzheimers society, duration=None
2026-07-05T23:02:21.987765 | Break 3: track_id=OHLHOME001030, brand=Homebase stores, duration=30
2026-07-05T23:02:22.013409 | Break 3: track_id=TTFHOTE005030, brand=Hotel chocolate tasting club, duration=30
2026-07-05T23:02:22.021963 | Break 3: track_id=BLBFURN203010, brand=Furniture village, duration=10
2026-07-05T23:02:22.030155 | Break 3: track_id=HKXDFEN017020, brand=Edf energy, duration=20
2026-07-05T23:02:22.038920 | Break 3: track_id=TGSNNQQ835030, brand=Nissan qashqai, duration=30
2026-07-05T23:02:22.047208 | Break 3: track_id=ANOCRUK414030, brand=Cancer research race for life, duration=30
2026-07-05T23:02:22.054771 | Break 3: track_id=PIPSPKE031020, brand=Spokelondon.com mens clothing, duration=20
2026-07-05T23:02:22.062483 | Break 3: track_id=BURTMOR078020, brand=Morrisons supermarket, duration=None
2026-07-05T23:14:06.200612 | Break 4: track_id=ANOANGP105020, brand=Google pixel 8 phone, duration=20
2026-07-05T23:14:06.225780 | Break 4: track_id=HOGTOBZ073030, brand=Toyota bz4x, duration=30
2026-07-05T23:14:06.231095 | Break 4: track_id=BBHTCPT534020, brand=Tesco easter, duration=20
2026-07-05T23:14:06.235342 | Break 4: track_id=PMCKAPW002020, brand=Karcher pressure washer, duration=20
2026-07-05T23:14:06.239790 | Break 4: track_id=MCBYEOV093030, brand=Yeo valley organic, duration=30
2026-07-05T23:14:06.243292 | Break 4: track_id=UCSBABR002030, brand=British airways, duration=30
2026-07-05T23:14:06.247228 | Break 4: track_id=GOOSRGK002030, brand=Sue ryder bereavement support, duration=None
